<?xml version="1.0" encoding="UTF-8"?>
<!-- Generated by org.testng.reporters.JUnitXMLReporter -->
<testsuite hostname="DESKTOP-OKSF8GL" ignored="0" name="Default test" tests="3" failures="0" timestamp="13 Feb 2019 07:16:59 GMT" time="0.061" errors="0">
  <testcase name="createUser" time="0.014" classname="Tuesday.Democ"/>
  <testcase name="deleteUser" time="0.004" classname="Tuesday.Democ"/>
  <testcase name="editUser" time="0.003" classname="Tuesday.Democ"/>
</testsuite> <!-- Default test -->
