<?xml version="1.0" encoding="UTF-8"?>
<!-- Generated by org.testng.reporters.JUnitXMLReporter -->
<testsuite hostname="DESKTOP-OKSF8GL" ignored="2" name="Test" tests="1" failures="0" timestamp="13 Feb 2019 07:17:14 GMT" time="0.053" errors="0">
  <testcase name="deleteUser" time="0.016" classname="Tuesday.Democ"/>
  <testcase name="editUser" time="0.0" classname="Tuesday.Democ">
    <ignored/>
  </testcase> <!-- editUser -->
  <testcase name="createUser" time="0.0" classname="Tuesday.Democ">
    <ignored/>
  </testcase> <!-- createUser -->
</testsuite> <!-- Test -->
